{
  "RSpec": {
    "coverage": {
      "/Users/litinghuang/Desktop/Friendo/app/controllers/activities_controller.rb": {
        "lines": [
          1,
          1,
          1,
          1,
          null,
          1,
          1,
          1,
          null,
          null,
          1,
          2,
          2,
          8,
          2,
          null,
          null,
          null,
          2,
          2,
          2,
          2,
          1,
          null,
          1,
          null,
          null,
          null,
          null,
          2,
          2,
          null,
          null,
          2,
          2,
          null,
          null,
          null,
          null,
          null,
          1,
          null,
          null,
          null,
          1,
          null,
          1,
          0,
          null,
          1,
          null,
          0,
          null,
          null,
          null,
          null,
          1,
          null,
          null,
          1,
          4,
          4,
          1,
          1,
          null,
          null,
          null,
          1,
          4,
          4,
          null,
          3,
          null,
          0,
          null,
          3,
          null,
          null,
          null,
          4,
          null,
          null,
          1,
          2,
          2,
          1,
          1,
          null,
          2,
          null,
          null,
          1,
          null,
          null,
          1,
          4,
          null,
          null,
          1,
          1,
          1,
          1,
          1,
          null,
          null,
          null,
          null,
          null,
          null,
          null,
          null,
          null,
          null,
          1,
          1,
          10,
          7,
          null,
          3,
          null,
          null,
          1,
          1,
          0,
          null,
          null,
          1,
          3,
          1,
          1,
          1,
          null,
          null,
          null,
          1,
          7,
          null,
          null,
          null,
          1,
          11,
          null,
          null,
          1,
          5,
          null,
          null,
          1,
          1,
          null,
          null,
          null,
          null,
          1,
          16,
          1,
          null,
          null,
          null,
          null,
          null
        ]
      },
      "/Users/litinghuang/Desktop/Friendo/app/controllers/application_controller.rb": {
        "lines": [
          1,
          null,
          null,
          1,
          null
        ]
      },
      "/Users/litinghuang/Desktop/Friendo/spec/controllers/following_controller_spec.rb": {
        "lines": [
          1,
          null,
          1,
          null,
          1,
          null,
          null,
          null,
          null,
          null,
          1,
          null,
          null,
          null,
          1,
          3,
          3,
          6,
          null,
          3,
          9,
          null,
          null,
          null,
          1,
          1,
          1,
          1,
          null,
          null,
          null,
          1,
          1,
          1,
          1,
          null,
          null,
          null,
          1,
          1,
          1,
          1,
          1,
          null,
          null,
          null
        ]
      },
      "/Users/litinghuang/Desktop/Friendo/app/controllers/following_controller.rb": {
        "lines": [
          1,
          1,
          null,
          1,
          1,
          null,
          null,
          null,
          null,
          1,
          2,
          2,
          null,
          2,
          2,
          null,
          null,
          1,
          1,
          1,
          1,
          null,
          null,
          1,
          1,
          null,
          null
        ]
      },
      "/Users/litinghuang/Desktop/Friendo/spec/controllers/relation_controller_spec.rb": {
        "lines": [
          1,
          null,
          1,
          null,
          1,
          null,
          null,
          null,
          null,
          null,
          null,
          null,
          1,
          null,
          null,
          null,
          null,
          1,
          null,
          null,
          null,
          null,
          null,
          1,
          6,
          6,
          12,
          null,
          6,
          6,
          null,
          6,
          24,
          null,
          null,
          null,
          null,
          1,
          1,
          1,
          1,
          1,
          null,
          null,
          null,
          1,
          1,
          1,
          1,
          1,
          null,
          null,
          null,
          1,
          1,
          1,
          1,
          null,
          null,
          null,
          1,
          1,
          1,
          1,
          null,
          null,
          null,
          null,
          1,
          1,
          1,
          1,
          null,
          null,
          null,
          1,
          1,
          1,
          1,
          1,
          1,
          null,
          null,
          null
        ]
      },
      "/Users/litinghuang/Desktop/Friendo/app/controllers/relations_controller.rb": {
        "lines": [
          1,
          1,
          6,
          1,
          1,
          1,
          null,
          5,
          null,
          4,
          4,
          3,
          3,
          null,
          1,
          null,
          null,
          5,
          null,
          null,
          1,
          2,
          1,
          1,
          1,
          null,
          1,
          1,
          1,
          1,
          null,
          null,
          null,
          1,
          null,
          null
        ]
      },
      "/Users/litinghuang/Desktop/Friendo/spec/controllers/session_controller_spec.rb": {
        "lines": [
          1,
          null,
          1,
          null,
          1,
          null,
          null,
          1,
          3,
          6,
          null,
          null,
          null,
          1,
          1,
          1,
          1,
          1,
          null,
          null,
          null,
          1,
          1,
          1,
          1,
          1,
          null,
          null,
          null,
          1,
          1,
          1,
          1,
          1,
          null,
          null,
          null
        ]
      },
      "/Users/litinghuang/Desktop/Friendo/app/controllers/sessions_controller.rb": {
        "lines": [
          1,
          null,
          1,
          null,
          null,
          1,
          3,
          3,
          3,
          3,
          1,
          1,
          null,
          2,
          2,
          null,
          null,
          null,
          1,
          null,
          null,
          1,
          6,
          null,
          null
        ]
      },
      "/Users/litinghuang/Desktop/Friendo/spec/controllers/user_controller_spec.rb": {
        "lines": [
          1,
          null,
          1,
          null,
          null,
          1,
          null,
          null,
          null,
          null,
          null,
          1,
          null,
          null,
          null,
          null,
          1,
          null,
          null,
          null,
          1,
          9,
          18,
          null,
          9,
          27,
          null,
          9,
          9,
          null,
          null,
          null,
          null,
          1,
          1,
          1,
          1,
          null,
          null,
          null,
          null,
          null,
          1,
          1,
          1,
          1,
          1,
          1,
          null,
          null,
          null,
          1,
          1,
          1,
          1,
          null,
          null,
          null,
          1,
          1,
          1,
          1,
          null,
          null,
          null,
          1,
          1,
          1,
          1,
          1,
          null,
          null,
          null,
          1,
          1,
          1,
          1,
          1,
          null,
          null,
          null,
          1,
          1,
          1,
          1,
          1,
          null,
          null,
          null,
          null,
          null,
          1,
          1,
          1,
          1,
          1,
          1,
          1,
          null,
          null,
          null,
          1,
          1,
          1,
          1,
          1,
          null,
          null,
          null
        ]
      },
      "/Users/litinghuang/Desktop/Friendo/app/controllers/users_controller.rb": {
        "lines": [
          1,
          1,
          1,
          null,
          1,
          3,
          1,
          1,
          1,
          1,
          null,
          null,
          2,
          null,
          null,
          1,
          1,
          1,
          1,
          1,
          1,
          1,
          1,
          null,
          null,
          null,
          null,
          null,
          null,
          1,
          1,
          null,
          null,
          1,
          1,
          1,
          1,
          1,
          null,
          null,
          null,
          1,
          null,
          1,
          20,
          20,
          19,
          19,
          null,
          1,
          1,
          null,
          null,
          null,
          null,
          1,
          1,
          1,
          null,
          null,
          1,
          1,
          1,
          1,
          1,
          null,
          null,
          1,
          null,
          null,
          1,
          21,
          null,
          null,
          1,
          5,
          1,
          null,
          null,
          null,
          null,
          1,
          1,
          0,
          null,
          null,
          null
        ]
      },
      "/Users/litinghuang/Desktop/Friendo/app/models/user.rb": {
        "lines": [
          1,
          1,
          1,
          null
        ]
      },
      "/Users/litinghuang/Desktop/Friendo/app/models/activity.rb": {
        "lines": [
          1,
          1,
          1,
          1,
          1,
          1,
          1,
          null,
          1,
          3,
          null,
          null,
          1,
          2,
          null,
          null
        ]
      },
      "/Users/litinghuang/Desktop/Friendo/app/models/follow.rb": {
        "lines": [
          1,
          1,
          1,
          null
        ]
      },
      "/Users/litinghuang/Desktop/Friendo/app/models/activity_user_relation.rb": {
        "lines": [
          1,
          null
        ]
      }
    },
    "timestamp": 1671489030
  },
  "Cucumber Features": {
    "coverage": {
      "/Users/litinghuang/Desktop/Friendo/app/models/activity.rb": {
        "lines": [
          1,
          1,
          1,
          1,
          1,
          1,
          1,
          null,
          1,
          69,
          null,
          null,
          1,
          47,
          null,
          null
        ]
      },
      "/Users/litinghuang/Desktop/Friendo/app/models/user.rb": {
        "lines": [
          1,
          1,
          1,
          null
        ]
      },
      "/Users/litinghuang/Desktop/Friendo/app/controllers/sessions_controller.rb": {
        "lines": [
          1,
          null,
          1,
          null,
          null,
          1,
          24,
          24,
          24,
          24,
          22,
          22,
          null,
          2,
          2,
          null,
          null,
          null,
          1,
          null,
          null,
          1,
          48,
          null,
          null
        ]
      },
      "/Users/litinghuang/Desktop/Friendo/app/controllers/application_controller.rb": {
        "lines": [
          1,
          null,
          null,
          1,
          null
        ]
      },
      "/Users/litinghuang/Desktop/Friendo/app/helpers/application_helper.rb": {
        "lines": [
          1,
          null
        ]
      },
      "/Users/litinghuang/Desktop/Friendo/app/helpers/activities_helper.rb": {
        "lines": [
          1,
          null
        ]
      },
      "/Users/litinghuang/Desktop/Friendo/app/helpers/following_helper.rb": {
        "lines": [
          1,
          null
        ]
      },
      "/Users/litinghuang/Desktop/Friendo/app/controllers/users_controller.rb": {
        "lines": [
          1,
          1,
          1,
          null,
          1,
          30,
          27,
          27,
          27,
          27,
          null,
          null,
          3,
          null,
          null,
          1,
          10,
          10,
          10,
          10,
          10,
          10,
          5,
          null,
          null,
          null,
          null,
          null,
          null,
          1,
          2,
          null,
          null,
          1,
          2,
          2,
          2,
          2,
          null,
          null,
          null,
          1,
          null,
          1,
          2,
          2,
          1,
          1,
          null,
          1,
          1,
          null,
          null,
          null,
          null,
          1,
          2,
          2,
          null,
          null,
          1,
          1,
          1,
          1,
          1,
          null,
          null,
          1,
          null,
          null,
          1,
          4,
          null,
          null,
          1,
          16,
          1,
          null,
          null,
          null,
          null,
          1,
          1,
          3,
          null,
          null,
          null
        ]
      },
      "/Users/litinghuang/Desktop/Friendo/app/controllers/activities_controller.rb": {
        "lines": [
          1,
          1,
          1,
          1,
          null,
          1,
          11,
          11,
          null,
          null,
          1,
          47,
          47,
          103,
          63,
          null,
          null,
          null,
          47,
          47,
          47,
          47,
          1,
          null,
          46,
          null,
          null,
          null,
          null,
          47,
          47,
          null,
          null,
          47,
          47,
          null,
          null,
          null,
          null,
          null,
          1,
          null,
          null,
          null,
          1,
          null,
          2,
          1,
          null,
          1,
          null,
          1,
          null,
          null,
          null,
          null,
          2,
          null,
          null,
          1,
          3,
          3,
          1,
          1,
          null,
          null,
          null,
          1,
          2,
          2,
          null,
          2,
          null,
          1,
          null,
          1,
          null,
          null,
          null,
          2,
          null,
          null,
          1,
          1,
          1,
          1,
          1,
          null,
          1,
          null,
          null,
          1,
          null,
          null,
          1,
          4,
          null,
          null,
          1,
          1,
          94,
          94,
          94,
          null,
          null,
          null,
          null,
          null,
          null,
          null,
          null,
          null,
          null,
          1,
          1,
          17,
          13,
          null,
          4,
          null,
          null,
          1,
          1,
          105,
          null,
          null,
          1,
          93,
          46,
          46,
          46,
          null,
          null,
          null,
          1,
          187,
          null,
          null,
          null,
          1,
          651,
          null,
          null,
          1,
          140,
          null,
          null,
          1,
          1,
          null,
          null,
          null,
          null,
          1,
          115,
          1,
          null,
          null,
          null,
          null,
          null
        ]
      },
      "/Users/litinghuang/Desktop/Friendo/app/models/activity_user_relation.rb": {
        "lines": [
          1,
          null
        ]
      },
      "/Users/litinghuang/Desktop/Friendo/app/models/follow.rb": {
        "lines": [
          1,
          1,
          1,
          null
        ]
      },
      "/Users/litinghuang/Desktop/Friendo/app/controllers/following_controller.rb": {
        "lines": [
          1,
          1,
          null,
          3,
          3,
          null,
          null,
          null,
          null,
          1,
          2,
          2,
          null,
          2,
          2,
          null,
          null,
          1,
          1,
          1,
          1,
          null,
          null,
          1,
          3,
          null,
          null
        ]
      },
      "/Users/litinghuang/Desktop/Friendo/app/controllers/relations_controller.rb": {
        "lines": [
          1,
          1,
          2,
          0,
          0,
          0,
          null,
          2,
          null,
          2,
          2,
          1,
          1,
          null,
          1,
          null,
          null,
          2,
          null,
          null,
          1,
          1,
          0,
          0,
          0,
          null,
          1,
          1,
          1,
          1,
          null,
          null,
          null,
          1,
          null,
          null
        ]
      }
    },
    "timestamp": 1671489091
  }
}
